0 info it worked if it ends with ok
1 verbose cli [ 'C:\\Program Files\\nodejs\\node.exe',
1 verbose cli   'C:\\Program Files\\nodejs\\node_modules\\npm\\bin\\npm-cli.js',
1 verbose cli   'start' ]
2 info using npm@3.10.10
3 info using node@v6.11.2
4 verbose run-script [ 'prestart', 'start', 'poststart' ]
5 info lifecycle assign4@1.0.0~prestart: assign4@1.0.0
6 silly lifecycle assign4@1.0.0~prestart: no script for prestart, continuing
7 info lifecycle assign4@1.0.0~start: assign4@1.0.0
8 verbose lifecycle assign4@1.0.0~start: unsafe-perm in lifecycle true
9 verbose lifecycle assign4@1.0.0~start: PATH: C:\Program Files\nodejs\node_modules\npm\bin\node-gyp-bin;C:\Users\cis\Desktop\courseera\bootstrap\week4\assign4\node_modules\.bin;C:\ProgramData\Oracle\Java\javapath;C:\Windows\system32;C:\Windows;C:\Windows\System32\Wbem;C:\Windows\System32\WindowsPowerShell\v1.0\;C:\Program Files\Java\jdk1.8.0_121\bin;C:\Program Files (x86)\Skype\Phone\;E:\xampp\php;C:\ProgramData\ComposerSetup\bin;C:\Program Files\MATLAB\R2016a\runtime\win64;C:\Program Files\MATLAB\R2016a\bin;C:\Program Files\MATLAB\R2016a\polyspace\bin;C:\Program Files\Git\cmd;C:\Go\bin;C:\Program Files\nodejs\;C:\Users\cis\AppData\Roaming\Composer\vendor\bin;C:\Program Files\Microsoft VS Code\bin;C:\Users\cis\AppData\Roaming\npm
10 verbose lifecycle assign4@1.0.0~start: CWD: C:\Users\cis\Desktop\courseera\bootstrap\week4\assign4
11 silly lifecycle assign4@1.0.0~start: Args: [ '/d /s /c', 'lite-server' ]
12 silly lifecycle assign4@1.0.0~start: Returned: code: 3221225786  signal: null
13 info lifecycle assign4@1.0.0~start: Failed to exec start script
14 verbose stack Error: assign4@1.0.0 start: `lite-server`
14 verbose stack Exit status 3221225786
14 verbose stack     at EventEmitter.<anonymous> (C:\Program Files\nodejs\node_modules\npm\lib\utils\lifecycle.js:255:16)
14 verbose stack     at emitTwo (events.js:106:13)
14 verbose stack     at EventEmitter.emit (events.js:191:7)
14 verbose stack     at ChildProcess.<anonymous> (C:\Program Files\nodejs\node_modules\npm\lib\utils\spawn.js:40:14)
14 verbose stack     at emitTwo (events.js:106:13)
14 verbose stack     at ChildProcess.emit (events.js:191:7)
14 verbose stack     at maybeClose (internal/child_process.js:891:16)
14 verbose stack     at Process.ChildProcess._handle.onexit (internal/child_process.js:226:5)
15 verbose pkgid assign4@1.0.0
16 verbose cwd C:\Users\cis\Desktop\courseera\bootstrap\week4\assign4
17 error Windows_NT 6.3.9600
18 error argv "C:\\Program Files\\nodejs\\node.exe" "C:\\Program Files\\nodejs\\node_modules\\npm\\bin\\npm-cli.js" "start"
19 error node v6.11.2
20 error npm  v3.10.10
21 error code ELIFECYCLE
22 error assign4@1.0.0 start: `lite-server`
22 error Exit status 3221225786
23 error Failed at the assign4@1.0.0 start script 'lite-server'.
23 error Make sure you have the latest version of node.js and npm installed.
23 error If you do, this is most likely a problem with the assign4 package,
23 error not with npm itself.
23 error Tell the author that this fails on your system:
23 error     lite-server
23 error You can get information on how to open an issue for this project with:
23 error     npm bugs assign4
23 error Or if that isn't available, you can get their info via:
23 error     npm owner ls assign4
23 error There is likely additional logging output above.
24 verbose exit [ 1, true ]
